生成启动时间为 2019/4/13 17:37:13。
     1>项目“D:\程序代码\排序\vector\vector\vector.vcxproj”在节点 2 上(Build 个目标)。
     1>ClCompile:
         E:\Program Files (x86)\Microsoft Visual Studio 12.0\VC\bin\CL.exe /c /ZI /nologo /W3 /WX- /sdl /Od /Oy- /D _MBCS /Gm /EHsc /RTC1 /MDd /GS /fp:precise /Zc:wchar_t /Zc:forScope /Fo"Debug\\" /Fd"Debug\vc120.pdb" /Gd /TP /analyze- /errorReport:prompt test.cpp
         test.cpp
     1>d:\程序代码\排序\vector\vector\test.cpp(81): error C3867: “std::vector<int,std::allocator<_Ty>>::front”:  函数调用缺少参数列表；请使用“&std::vector<int,std::allocator<_Ty>>::front”创建指向成员的指针
                 with
                 [
                     _Ty=int
                 ]
     1>d:\程序代码\排序\vector\vector\test.cpp(81): error C2679: 二进制“<<”: 没有找到接受“overloaded-function”类型的右操作数的运算符(或没有可接受的转换)
                 e:\program files (x86)\microsoft visual studio 12.0\vc\include\ostream(498): 可能是“std::basic_ostream<char,std::char_traits<char>> &std::basic_ostream<char,std::char_traits<char>>::operator <<(std::basic_streambuf<char,std::char_traits<char>> *)”
                 e:\program files (x86)\microsoft visual studio 12.0\vc\include\ostream(478): 或       “std::basic_ostream<char,std::char_traits<char>> &std::basic_ostream<char,std::char_traits<char>>::operator <<(const void *)”
                 e:\program files (x86)\microsoft visual studio 12.0\vc\include\ostream(458): 或       “std::basic_ostream<char,std::char_traits<char>> &std::basic_ostream<char,std::char_traits<char>>::operator <<(long double)”
                 e:\program files (x86)\microsoft visual studio 12.0\vc\include\ostream(438): 或       “std::basic_ostream<char,std::char_traits<char>> &std::basic_ostream<char,std::char_traits<char>>::operator <<(double)”
                 e:\program files (x86)\microsoft visual studio 12.0\vc\include\ostream(418): 或       “std::basic_ostream<char,std::char_traits<char>> &std::basic_ostream<char,std::char_traits<char>>::operator <<(float)”
                 e:\program files (x86)\microsoft visual studio 12.0\vc\include\ostream(397): 或       “std::basic_ostream<char,std::char_traits<char>> &std::basic_ostream<char,std::char_traits<char>>::operator <<(unsigned __int64)”
                 e:\program files (x86)\microsoft visual studio 12.0\vc\include\ostream(377): 或       “std::basic_ostream<char,std::char_traits<char>> &std::basic_ostream<char,std::char_traits<char>>::operator <<(__int64)”
                 e:\program files (x86)\microsoft visual studio 12.0\vc\include\ostream(356): 或       “std::basic_ostream<char,std::char_traits<char>> &std::basic_ostream<char,std::char_traits<char>>::operator <<(unsigned long)”
                 e:\program files (x86)\microsoft visual studio 12.0\vc\include\ostream(336): 或       “std::basic_ostream<char,std::char_traits<char>> &std::basic_ostream<char,std::char_traits<char>>::operator <<(long)”
                 e:\program files (x86)\microsoft visual studio 12.0\vc\include\ostream(316): 或       “std::basic_ostream<char,std::char_traits<char>> &std::basic_ostream<char,std::char_traits<char>>::operator <<(unsigned int)”
                 e:\program files (x86)\microsoft visual studio 12.0\vc\include\ostream(291): 或       “std::basic_ostream<char,std::char_traits<char>> &std::basic_ostream<char,std::char_traits<char>>::operator <<(int)”
                 e:\program files (x86)\microsoft visual studio 12.0\vc\include\ostream(271): 或       “std::basic_ostream<char,std::char_traits<char>> &std::basic_ostream<char,std::char_traits<char>>::operator <<(unsigned short)”
                 e:\program files (x86)\microsoft visual studio 12.0\vc\include\ostream(237): 或       “std::basic_ostream<char,std::char_traits<char>> &std::basic_ostream<char,std::char_traits<char>>::operator <<(short)”
                 e:\program files (x86)\microsoft visual studio 12.0\vc\include\ostream(217): 或       “std::basic_ostream<char,std::char_traits<char>> &std::basic_ostream<char,std::char_traits<char>>::operator <<(std::_Bool)”
                 e:\program files (x86)\microsoft visual studio 12.0\vc\include\ostream(210): 或       “std::basic_ostream<char,std::char_traits<char>> &std::basic_ostream<char,std::char_traits<char>>::operator <<(std::ios_base &(__cdecl *)(std::ios_base &))”
                 e:\program files (x86)\microsoft visual studio 12.0\vc\include\ostream(203): 或       “std::basic_ostream<char,std::char_traits<char>> &std::basic_ostream<char,std::char_traits<char>>::operator <<(std::basic_ios<char,std::char_traits<char>> &(__cdecl *)(std::basic_ios<char,std::char_traits<char>> &))”
                 e:\program files (x86)\microsoft visual studio 12.0\vc\include\ostream(197): 或       “std::basic_ostream<char,std::char_traits<char>> &std::basic_ostream<char,std::char_traits<char>>::operator <<(std::basic_ostream<char,std::char_traits<char>> &(__cdecl *)(std::basic_ostream<char,std::char_traits<char>> &))”
                 e:\program files (x86)\microsoft visual studio 12.0\vc\include\ostream(1026): 或       “std::basic_ostream<char,std::char_traits<char>> &std::operator <<<char,std::char_traits<char>>(std::basic_ostream<char,std::char_traits<char>> &,const std::error_code &)”
                 e:\program files (x86)\microsoft visual studio 12.0\vc\include\ostream(978): 或       “std::basic_ostream<char,std::char_traits<char>> &std::operator <<<std::char_traits<char>>(std::basic_ostream<char,std::char_traits<char>> &,unsigned char)”
                 e:\program files (x86)\microsoft visual studio 12.0\vc\include\ostream(971): 或       “std::basic_ostream<char,std::char_traits<char>> &std::operator <<<std::char_traits<char>>(std::basic_ostream<char,std::char_traits<char>> &,const unsigned char *)”
                 e:\program files (x86)\microsoft visual studio 12.0\vc\include\ostream(964): 或       “std::basic_ostream<char,std::char_traits<char>> &std::operator <<<std::char_traits<char>>(std::basic_ostream<char,std::char_traits<char>> &,signed char)”
                 e:\program files (x86)\microsoft visual studio 12.0\vc\include\ostream(957): 或       “std::basic_ostream<char,std::char_traits<char>> &std::operator <<<std::char_traits<char>>(std::basic_ostream<char,std::char_traits<char>> &,const signed char *)”
                 e:\program files (x86)\microsoft visual studio 12.0\vc\include\ostream(831): 或       “std::basic_ostream<char,std::char_traits<char>> &std::operator <<<std::char_traits<char>>(std::basic_ostream<char,std::char_traits<char>> &,char)”
                 e:\program files (x86)\microsoft visual studio 12.0\vc\include\ostream(784): 或       “std::basic_ostream<char,std::char_traits<char>> &std::operator <<<std::char_traits<char>>(std::basic_ostream<char,std::char_traits<char>> &,const char *)”
                 e:\program files (x86)\microsoft visual studio 12.0\vc\include\ostream(746): 或       “std::basic_ostream<char,std::char_traits<char>> &std::operator <<<char,std::char_traits<char>>(std::basic_ostream<char,std::char_traits<char>> &,char)”
                 e:\program files (x86)\microsoft visual studio 12.0\vc\include\ostream(699): 或       “std::basic_ostream<char,std::char_traits<char>> &std::operator <<<char,std::char_traits<char>>(std::basic_ostream<char,std::char_traits<char>> &,const char *)”
                 尝试匹配参数列表“(std::ostream, overloaded-function)”时
     1>d:\程序代码\排序\vector\vector\test.cpp(82): error C3867: “std::vector<int,std::allocator<_Ty>>::back”:  函数调用缺少参数列表；请使用“&std::vector<int,std::allocator<_Ty>>::back”创建指向成员的指针
                 with
                 [
                     _Ty=int
                 ]
     1>d:\程序代码\排序\vector\vector\test.cpp(82): error C2679: 二进制“<<”: 没有找到接受“overloaded-function”类型的右操作数的运算符(或没有可接受的转换)
                 e:\program files (x86)\microsoft visual studio 12.0\vc\include\ostream(498): 可能是“std::basic_ostream<char,std::char_traits<char>> &std::basic_ostream<char,std::char_traits<char>>::operator <<(std::basic_streambuf<char,std::char_traits<char>> *)”
                 e:\program files (x86)\microsoft visual studio 12.0\vc\include\ostream(478): 或       “std::basic_ostream<char,std::char_traits<char>> &std::basic_ostream<char,std::char_traits<char>>::operator <<(const void *)”
                 e:\program files (x86)\microsoft visual studio 12.0\vc\include\ostream(458): 或       “std::basic_ostream<char,std::char_traits<char>> &std::basic_ostream<char,std::char_traits<char>>::operator <<(long double)”
                 e:\program files (x86)\microsoft visual studio 12.0\vc\include\ostream(438): 或       “std::basic_ostream<char,std::char_traits<char>> &std::basic_ostream<char,std::char_traits<char>>::operator <<(double)”
                 e:\program files (x86)\microsoft visual studio 12.0\vc\include\ostream(418): 或       “std::basic_ostream<char,std::char_traits<char>> &std::basic_ostream<char,std::char_traits<char>>::operator <<(float)”
                 e:\program files (x86)\microsoft visual studio 12.0\vc\include\ostream(397): 或       “std::basic_ostream<char,std::char_traits<char>> &std::basic_ostream<char,std::char_traits<char>>::operator <<(unsigned __int64)”
                 e:\program files (x86)\microsoft visual studio 12.0\vc\include\ostream(377): 或       “std::basic_ostream<char,std::char_traits<char>> &std::basic_ostream<char,std::char_traits<char>>::operator <<(__int64)”
                 e:\program files (x86)\microsoft visual studio 12.0\vc\include\ostream(356): 或       “std::basic_ostream<char,std::char_traits<char>> &std::basic_ostream<char,std::char_traits<char>>::operator <<(unsigned long)”
                 e:\program files (x86)\microsoft visual studio 12.0\vc\include\ostream(336): 或       “std::basic_ostream<char,std::char_traits<char>> &std::basic_ostream<char,std::char_traits<char>>::operator <<(long)”
                 e:\program files (x86)\microsoft visual studio 12.0\vc\include\ostream(316): 或       “std::basic_ostream<char,std::char_traits<char>> &std::basic_ostream<char,std::char_traits<char>>::operator <<(unsigned int)”
                 e:\program files (x86)\microsoft visual studio 12.0\vc\include\ostream(291): 或       “std::basic_ostream<char,std::char_traits<char>> &std::basic_ostream<char,std::char_traits<char>>::operator <<(int)”
                 e:\program files (x86)\microsoft visual studio 12.0\vc\include\ostream(271): 或       “std::basic_ostream<char,std::char_traits<char>> &std::basic_ostream<char,std::char_traits<char>>::operator <<(unsigned short)”
                 e:\program files (x86)\microsoft visual studio 12.0\vc\include\ostream(237): 或       “std::basic_ostream<char,std::char_traits<char>> &std::basic_ostream<char,std::char_traits<char>>::operator <<(short)”
                 e:\program files (x86)\microsoft visual studio 12.0\vc\include\ostream(217): 或       “std::basic_ostream<char,std::char_traits<char>> &std::basic_ostream<char,std::char_traits<char>>::operator <<(std::_Bool)”
                 e:\program files (x86)\microsoft visual studio 12.0\vc\include\ostream(210): 或       “std::basic_ostream<char,std::char_traits<char>> &std::basic_ostream<char,std::char_traits<char>>::operator <<(std::ios_base &(__cdecl *)(std::ios_base &))”
                 e:\program files (x86)\microsoft visual studio 12.0\vc\include\ostream(203): 或       “std::basic_ostream<char,std::char_traits<char>> &std::basic_ostream<char,std::char_traits<char>>::operator <<(std::basic_ios<char,std::char_traits<char>> &(__cdecl *)(std::basic_ios<char,std::char_traits<char>> &))”
                 e:\program files (x86)\microsoft visual studio 12.0\vc\include\ostream(197): 或       “std::basic_ostream<char,std::char_traits<char>> &std::basic_ostream<char,std::char_traits<char>>::operator <<(std::basic_ostream<char,std::char_traits<char>> &(__cdecl *)(std::basic_ostream<char,std::char_traits<char>> &))”
                 e:\program files (x86)\microsoft visual studio 12.0\vc\include\ostream(1026): 或       “std::basic_ostream<char,std::char_traits<char>> &std::operator <<<char,std::char_traits<char>>(std::basic_ostream<char,std::char_traits<char>> &,const std::error_code &)”
                 e:\program files (x86)\microsoft visual studio 12.0\vc\include\ostream(978): 或       “std::basic_ostream<char,std::char_traits<char>> &std::operator <<<std::char_traits<char>>(std::basic_ostream<char,std::char_traits<char>> &,unsigned char)”
                 e:\program files (x86)\microsoft visual studio 12.0\vc\include\ostream(971): 或       “std::basic_ostream<char,std::char_traits<char>> &std::operator <<<std::char_traits<char>>(std::basic_ostream<char,std::char_traits<char>> &,const unsigned char *)”
                 e:\program files (x86)\microsoft visual studio 12.0\vc\include\ostream(964): 或       “std::basic_ostream<char,std::char_traits<char>> &std::operator <<<std::char_traits<char>>(std::basic_ostream<char,std::char_traits<char>> &,signed char)”
                 e:\program files (x86)\microsoft visual studio 12.0\vc\include\ostream(957): 或       “std::basic_ostream<char,std::char_traits<char>> &std::operator <<<std::char_traits<char>>(std::basic_ostream<char,std::char_traits<char>> &,const signed char *)”
                 e:\program files (x86)\microsoft visual studio 12.0\vc\include\ostream(831): 或       “std::basic_ostream<char,std::char_traits<char>> &std::operator <<<std::char_traits<char>>(std::basic_ostream<char,std::char_traits<char>> &,char)”
                 e:\program files (x86)\microsoft visual studio 12.0\vc\include\ostream(784): 或       “std::basic_ostream<char,std::char_traits<char>> &std::operator <<<std::char_traits<char>>(std::basic_ostream<char,std::char_traits<char>> &,const char *)”
                 e:\program files (x86)\microsoft visual studio 12.0\vc\include\ostream(746): 或       “std::basic_ostream<char,std::char_traits<char>> &std::operator <<<char,std::char_traits<char>>(std::basic_ostream<char,std::char_traits<char>> &,char)”
                 e:\program files (x86)\microsoft visual studio 12.0\vc\include\ostream(699): 或       “std::basic_ostream<char,std::char_traits<char>> &std::operator <<<char,std::char_traits<char>>(std::basic_ostream<char,std::char_traits<char>> &,const char *)”
                 尝试匹配参数列表“(std::ostream, overloaded-function)”时
     1>已完成生成项目“D:\程序代码\排序\vector\vector\vector.vcxproj”(Build 个目标)的操作 - 失败。

生成失败。

已用时间 00:00:00.56
